#
# A fatal error has been detected by the Java Runtime Environment:
#
#  SIGSEGV (0xb) at pc=0x00007f7fe45e3375, pid=9804, tid=9821
#
# JRE version: OpenJDK Runtime Environment (15.0.1+9) (build 15.0.1+9-18)
# Java VM: OpenJDK 64-Bit Server VM (15.0.1+9-18, mixed mode, tiered, compressed oops, g1 gc, linux-amd64)
# Problematic frame:
# C  [libjimage.so+0x4375]  ImageStrings::find(Endian*, char const*, int*, unsigned int)+0x65
#
# Core dump will be written. Default location: Core dumps may be processed with "/usr/share/apport/apport %p %s %c %d %P %E" (or dumping to /home/brunos/Documentos/Projetos/Desafio_godev/godev/core.9804)
#
# If you would like to submit a bug report, please visit:
#   https://bugreport.java.com/bugreport/crash.jsp
#

---------------  S U M M A R Y ------------

Command Line: -XX:+ShowCodeDetailsInExceptionMessages -agentlib:jdwp=transport=dt_socket,suspend=y,address=localhost:40147 -ea -javaagent:/home/brunos/Programas/sts-4.9.0.RELEASE/configuration/org.eclipse.osgi/247/0/.cp/lib/javaagent-shaded.jar -Dfile.encoding=UTF-8 org.eclipse.jdt.internal.junit.runner.RemoteTestRunner -version 3 -port 37109 -testLoaderClass org.eclipse.jdt.internal.junit5.runner.JUnit5TestLoader -loaderpluginname org.eclipse.jdt.junit5.runtime -classNames com.proway.godev.services.ParticipantServicesTest

Host: Intel(R) Core(TM) i3-2310M CPU @ 2.10GHz, 4 cores, 2G, Ubuntu 20.04.2 LTS
Time: Wed Feb 24 01:05:32 2021 -03 elapsed time: 365.161501 seconds (0d 0h 6m 5s)

---------------  T H R E A D  ---------------

Current thread (0x00007f7fe01796a0):  JavaThread "Signal Dispatcher" daemon [_thread_in_vm, id=9821, stack(0x00007f7fabeff000,0x00007f7fac000000)]

Stack: [0x00007f7fabeff000,0x00007f7fac000000],  sp=0x00007f7fabffd1b0,  free space=1016k
Native frames: (J=compiled Java code, A=aot compiled Java code, j=interpreted, Vv=VM code, C=native code)
C  [libjimage.so+0x4375]  ImageStrings::find(Endian*, char const*, int*, unsigned int)+0x65
C  [libjimage.so+0x4f0e]  ImageFileReader::find_location_index(char const*, unsigned long long*) const+0x3e
C  [libjimage.so+0x540c]  JIMAGE_FindResource+0xfc
V  [libjvm.so+0x4e9f51]